<!DOCTYPE HTML><html><head><title>Behave Test Report</title><meta content="text/html;charset=utf-8" http-equiv="content-type" /><style type="text/css"><!--
@charset "utf-8"; .passed{}.failed{}.error{}.skipped{}.undefined{}.summary{}.failed_scenarios{}.footer{}body{font-size:0;color:white;margin:0;padding:0}.behave,td,th{font:normal 11px "Lucida Grande",Helvetica,sans-serif;background:white;color:black}.behave #behave-header,td #behave-header,th #behave-header{background:#65c400;color:white;height:8em}.behave #behave-header #expand-collapse p,td #behave-header #expand-collapse p,th #behave-header #expand-collapse p{float:right;margin:0 0 0 10px}.behave .scenario h3,td .scenario h3,th .scenario h3,.background h3{font-size:11px;padding:3px;margin:0;background:#65c400;color:white;font-weight:bold}.background h3{font-size:1.2em;background:#666}.behave h1,td h1,th h1{margin:0 10px 0 10px;padding:10px;font-family:"Lucida Grande",Helvetica,sans-serif;font-size:2em;position:absolute}.behave h4,td h4,th h4{margin-bottom:2px}.behave div.feature,td div.feature,th div.feature{padding:2px;margin:0 10px 5px 10px}.behave div.examples,td div.examples,th div.examples{padding:0 0 0 1em}.behave .stats,td .stats,th .stats{margin:2em}.behave .summary ul.features li,td .summary ul.features li,th .summary ul.features li{display:inline}.behave .step_name,td .step_name,th .step_name{float:left}.behave .step_file,td .step_file,th .step_file{text-align:right;color:#999}.behave .step_file a,td .step_file a,th .step_file a{color:#999}.behave .scenario_file,td .scenario_file,th .scenario_file{float:right;color:#999}.behave .step_duration{padding-left:1em}.behave .tag,td .tag,th .tag{font-weight:bold;color:#246ac1}.behave .backtrace,td .backtrace,th .backtrace{margin-top:0;margin-bottom:0;margin-left:1em;color:black}.behave a,td a,th a{color:#be5c00;margin-right:.5em}.behave a:hover,td a:hover,th a:hover{text-decoration:none}.behave a:visited,td a:visited,th a:visited{font-weight:normal}.behave a div.examples,td a div.examples,th a div.examples{margin:5px 0 5px 15px;color:black}.behave .outline table,td .outline table,th .outline table{margin:0 0 5px 10px}.behave table,td table,th table{border-collapse:collapse}.behave table td,td table td,th table td{padding:3px 3px 3px 5px}.behave table td.failed,.behave table td.passed,.behave table td.skipped,.behave table td.pending,.behave table td.undefined,td table td.failed,td table td.passed,td table td.skipped,td table td.pending{padding-left:18px;padding-right:10px}.behave table td.failed,td table td.failed,th table td.failed{border-left:5px solid #c20000;border-bottom:1px solid #c20000;background:#fffbd3;color:#c20000}.behave table td.passed,td table td.passed,th table td.passed{border-left:5px solid #65c400;border-bottom:1px solid #65c400;background:#dbffb4;color:#3d7700}.behave table td.skipped,td table td.skipped,th table td.skipped{border-left:5px solid aqua;border-bottom:1px solid aqua;background:#e0ffff;color:#011}.behave table td.pending,td table td.pending,th table td.pending{border-left:5px solid #faf834;border-bottom:1px solid #faf834;background:#fcfb98;color:#131313}.behave table td.undefined,td table td.undefined,th table td.undefined{border-left:5px solid #faf834;border-bottom:1px solid #faf834;background:#fcfb98;color:#131313}.behave table td.message,td table td.message,th table td.message{border-left:5px solid aqua;border-bottom:1px solid aqua;background:#e0ffff;color:#011}.behave ol,td ol,th ol{list-style:none;margin:0;padding:0}.behave ol li.step,td ol li.step,th ol li.step{padding:3px 3px 3px 18px;margin:5px 0 5px 5px}.behave ol li,td ol li,th ol li{margin:0 0 0 1em;padding:0 0 0 .2em}.behave ol li span.param,td ol li span.param,th ol li span.param{font-weight:bold}.behave ol li.failed,td ol li.failed,th ol li.failed{border-left:5px solid #c20000;border-bottom:1px solid #c20000;background:#fffbd3;color:#c20000}.behave ol li.passed,td ol li.passed,th ol li.passed{border-left:5px solid #65c400;border-bottom:1px solid #65c400;background:#dbffb4;color:#3d7700}.behave ol li.skipped,td ol li.skipped,th ol li.skipped{border-left:5px solid aqua;border-bottom:1px solid aqua;background:#e0ffff;color:#011}.behave ol li.pending,td ol li.pending,th ol li.pending{border-left:5px solid #faf834;border-bottom:1px solid #faf834;background:#fcfb98;color:#131313}.behave ol li.undefined,td ol li.undefined,th ol li.undefined{border-left:5px solid #faf834;border-bottom:1px solid #faf834;background:#fcfb98;color:#131313}.behave ol li.message,td ol li.message,th ol li.message{border-left:5px solid aqua;border-bottom:1px solid aqua;background:#e0ffff;color:#011;margin-left:10px}.behave #summary,td #summary,th #summary{margin:0;padding:5px 10px;text-align:right;top:0;right:0;float:right}.behave #summary p,td #summary p,th #summary p{margin:0 0 0 2px}.behave #summary #totals,td #summary #totals,th #summary #totals{font-size:1.2em}.behave .scenario h3.failed,td .scenario h3.failed,th .scenario h3.failed,.background h3.failed{background:#c20000}.behave #behave-header.failed,td #behave-header.failed,th #behave-header.failed{background:#c20000}.behave .scenario h3.undefined,td .scenario h3.undefined,th .scenario h3.undefined,.background h3.undefined{background:#faf834;color:black}.behave #behave-header.undefined,td #behave-header.undefined,th #behave-header.undefined{background:#faf834;color:black}#behave-header.failed a{color:white}pre{white-space:pre-wrap}
--></style><script type="text/javascript"><!--
function Collapsible_toggle(id){var elem=document.getElementById(id);elem.style.display=(elem.style.display=='none'?'block':'none');return false;};function Collapsible_expandAll(className){var elems=document.getElementsByClassName(className);for(var i=0;i<elems.length;i++){elems[i].style.display='block';}};function Collapsible_collapseAll(className){var elems=document.getElementsByClassName(className);for(var i=0;i<elems.length;i++){elems[i].style.display='none';}};function Collapsible_expandAllFailed(){var elems=document.getElementsByClassName('failed');for(var i=0;i<elems.length;i++){var elem=elems[i];if(elem.nodeName=='H3'){elem.parentElement.getElementsByTagName('ol')[0].style.display='block';}}}
--></script></head><body><div class="behave"><div id="behave-header" class="failed"><div id="label"><h1>Behave Test Report</h1></div><div id="summary"><p id="totals"><p id="feature_totals">Features: failed: 2</p><p id="scenario_totals">Scenarios: passed: 2, failed: 3</p><p id="step_totals">Steps: passed: 9, untested: 6, failed: 2, skipped: 3</p></p><p id="duration">Finished in 18.3 seconds</p><div id="expand-collapse"><a id="expander" href="#" onclick="Collapsible_expandAll('scenario_steps')">Expand All</a><span> | </span><a id="collapser" href="#" onclick="Collapsible_collapseAll('scenario_steps')">Collapse All</a><span> | </span><a id="failed_expander" href="#" onclick="Collapsible_expandAllFailed()">Expand All Failed</a></div></div></div><div class="feature"><h2><span class="val">Feature: Jules forgot password tests</span></h2><span /></div><div class="background"><h3><span class="val">Background: </span></h3><ol /><span /></div><div class="scenario"><span class="scenario_file">features/forgot_password.feature:7</span><span class="tag">@floricele</span><h3 onclick="Collapsible_toggle('scenario_0')"><span class="val">Scenario: wrong email validation message</span></h3><ol class="scenario_steps" id="scenario_0"><li class="step passed"><div class="step_name"><span class="keyword">Given </span><span class="step val">sign in: I am a user on jules sign in page</span><small class="step_duration">(2.284s)</small></div><div class="step_file"><span>steps/sign_in_steps.py:7</span></div><span class="embed" /></li><li class="step passed"><div class="step_name"><span class="keyword">When </span><span class="step val">sign in: I click the forgot password link</span><small class="step_duration">(0.594s)</small></div><div class="step_file"><span>steps/sign_in_steps.py:19</span></div><span class="embed" /></li><li class="step passed"><div class="step_name"><span class="keyword">When </span><span class="step val"><span>forgot password: I set my email to "</span><b>abc</b><span>"</span></span><small class="step_duration">(1.329s)</small></div><div class="step_file"><span>steps/forgot_password_steps.py:3</span></div><span class="embed" /></li><li class="step passed"><div class="step_name"><span class="keyword">Then </span><span class="step val">forgot password: I verify that email validation message is correct</span><small class="step_duration">(0.020s)</small></div><div class="step_file"><span>steps/forgot_password_steps.py:7</span></div><span class="embed" /></li></ol><span /></div><div class="scenario"><span class="scenario_file">features/forgot_password.feature:20</span><span class="tag">@jules2</span><h3 onclick="Collapsible_toggle('scenario_1')"><span class="val">Scenario Outline: wrong email validation message with table data -- @1.1 </span></h3><ol class="scenario_steps" id="scenario_1"><li class="step passed"><div class="step_name"><span class="keyword">Given </span><span class="step val">sign in: I am a user on jules sign in page</span><small class="step_duration">(0.331s)</small></div><div class="step_file"><span>steps/sign_in_steps.py:7</span></div><span class="embed" /></li><li class="step passed"><div class="step_name"><span class="keyword">When </span><span class="step val">sign in: I click the forgot password link</span><small class="step_duration">(0.241s)</small></div><div class="step_file"><span>steps/sign_in_steps.py:19</span></div><span class="embed" /></li><li class="step passed"><div class="step_name"><span class="keyword">When </span><span class="step val"><span>forgot password: I set my email to "</span><b>abcde.com</b><span>"</span></span><small class="step_duration">(1.158s)</small></div><div class="step_file"><span>steps/forgot_password_steps.py:3</span></div><span class="embed" /></li><li class="step passed"><div class="step_name"><span class="keyword">Then </span><span class="step val">forgot password: I verify that email validation message is correct</span><small class="step_duration">(0.015s)</small></div><div class="step_file"><span>steps/forgot_password_steps.py:7</span></div><span class="embed" /></li></ol><span /></div><div class="scenario"><span class="scenario_file">features/forgot_password.feature:21</span><span class="tag">@jules2</span><h3 onclick="Collapsible_toggle('scenario_2')"><span class="val">Scenario Outline: wrong email validation message with table data -- @1.2 </span></h3><ol class="scenario_steps" id="scenario_2"><li class="step passed"><div class="step_name"><span class="keyword">Given </span><span class="step val">sign in: I am a user on jules sign in page</span><small class="step_duration">(0.316s)</small></div><div class="step_file"><span>steps/sign_in_steps.py:7</span></div><span class="embed" /></li><li class="step passed"><div class="step_name"><span class="keyword">When </span><span class="step val">sign in: I click the forgot password link</span><small class="step_duration">(0.233s)</small></div><div class="step_file"><span>steps/sign_in_steps.py:19</span></div><span class="embed" /></li><li class="step passed"><div class="step_name"><span class="keyword">When </span><span class="step val"><span>forgot password: I set my email to "</span><b>abc</b><span>"</span></span><small class="step_duration">(1.142s)</small></div><div class="step_file"><span>steps/forgot_password_steps.py:3</span></div><span class="embed" /></li><li class="step passed"><div class="step_name"><span class="keyword">Then </span><span class="step val">forgot password: I verify that email validation message is correct</span><small class="step_duration">(0.018s)</small></div><div class="step_file"><span>steps/forgot_password_steps.py:7</span></div><span class="embed" /></li></ol><span /></div><div class="scenario"><span class="scenario_file">features/forgot_password.feature:30</span><h3 onclick="Collapsible_toggle('scenario_3')" class="failed"><span class="val">Scenario Outline: Forgot pass cu tabel de valori -- @1.1 </span></h3><ol class="scenario_steps" id="scenario_3"><li class="step passed"><div class="step_name"><span class="keyword">Given </span><span class="step val">sign in: I am a user on jules sign in page</span><small class="step_duration">(0.295s)</small></div><div class="step_file"><span>steps/sign_in_steps.py:7</span></div><span class="embed" /></li><li class="step undefined"><div class="step_name"><span class="keyword">When </span><span class="step val">login: user clicks on forgot pass button</span><small class="step_duration">(0.000s)</small></div><div class="step_file"><span>&lt;unknown&gt;</span></div><span class="embed" /></li></ol><span /></div><div class="scenario"><span class="scenario_file">features/forgot_password.feature:31</span><h3 onclick="Collapsible_toggle('scenario_4')" class="failed"><span class="val">Scenario Outline: Forgot pass cu tabel de valori -- @1.2 </span></h3><ol class="scenario_steps" id="scenario_4"><li class="step passed"><div class="step_name"><span class="keyword">Given </span><span class="step val">sign in: I am a user on jules sign in page</span><small class="step_duration">(0.266s)</small></div><div class="step_file"><span>steps/sign_in_steps.py:7</span></div><span class="embed" /></li><li class="step undefined"><div class="step_name"><span class="keyword">When </span><span class="step val">login: user clicks on forgot pass button</span><small class="step_duration">(0.000s)</small></div><div class="step_file"><span>&lt;unknown&gt;</span></div><span class="embed" /></li></ol><span /></div><div class="scenario"><span class="scenario_file">features/forgot_password.feature:32</span><h3 onclick="Collapsible_toggle('scenario_5')" class="failed"><span class="val">Scenario Outline: Forgot pass cu tabel de valori -- @1.3 </span></h3><ol class="scenario_steps" id="scenario_5"><li class="step passed"><div class="step_name"><span class="keyword">Given </span><span class="step val">sign in: I am a user on jules sign in page</span><small class="step_duration">(0.327s)</small></div><div class="step_file"><span>steps/sign_in_steps.py:7</span></div><span class="embed" /></li><li class="step undefined"><div class="step_name"><span class="keyword">When </span><span class="step val">login: user clicks on forgot pass button</span><small class="step_duration">(0.000s)</small></div><div class="step_file"><span>&lt;unknown&gt;</span></div><span class="embed" /></li></ol><span /></div><div class="scenario"><span class="scenario_file">features/forgot_password.feature:35</span><h3 onclick="Collapsible_toggle('scenario_6')" class="failed"><span class="val">Scenario: Click on back to login</span></h3><ol class="scenario_steps" id="scenario_6"><li class="step passed"><div class="step_name"><span class="keyword">Given </span><span class="step val">sign in: I am a user on jules sign in page</span><small class="step_duration">(0.259s)</small></div><div class="step_file"><span>steps/sign_in_steps.py:7</span></div><span class="embed" /></li><li class="step failed"><div class="step_name"><span class="keyword">When </span><span class="step val">forgot password: I click on Back to Login button</span><small class="step_duration">(5.028s)</small></div><div class="step_file"><span>steps/forgot_password_steps.py:11</span></div><span class="embed"><a onclick="Collapsible_toggle('embed_1')">Error Message</a><pre id="embed_1" style="display: none">Traceback (most recent call last):
  File "/Library/Frameworks/Python.framework/Versions/3.10/lib/python3.10/site-packages/behave/model.py", line 1329, in run
    match.run(runner.context)
  File "/Library/Frameworks/Python.framework/Versions/3.10/lib/python3.10/site-packages/behave/matchers.py", line 98, in run
    self.func(context, *args, **kwargs)
  File "steps/forgot_password_steps.py", line 13, in step_impl
    context.forgot_pass.click_back_to_login_link()
  File "/Users/gradulescu/Desktop/Personal/Cursuri/ITF/Automation_Testing/Grupe/Automation09/Automation09_Projects/FinalProject_BDD/pages/forgot_password_page.py", line 21, in click_back_to_login_link
    self.chrome.find_element(*self.BACK_TO_LOGIN).click()
  File "/Library/Frameworks/Python.framework/Versions/3.10/lib/python3.10/site-packages/selenium/webdriver/remote/webdriver.py", line 857, in find_element
    return self.execute(Command.FIND_ELEMENT, {
  File "/Library/Frameworks/Python.framework/Versions/3.10/lib/python3.10/site-packages/selenium/webdriver/remote/webdriver.py", line 435, in execute
    self.error_handler.check_response(response)
  File "/Library/Frameworks/Python.framework/Versions/3.10/lib/python3.10/site-packages/selenium/webdriver/remote/errorhandler.py", line 247, in check_response
    raise exception_class(message, screen, stacktrace)
selenium.common.exceptions.NoSuchElementException: Message: no such element: Unable to locate element: {"method":"link text","selector":"Back to login"}
  (Session info: chrome=104.0.5112.79)
Stacktrace:
0   chromedriver                        0x0000000102545149 chromedriver + 4469065
1   chromedriver                        0x00000001024cf233 chromedriver + 3985971
2   chromedriver                        0x0000000102165fe8 chromedriver + 409576
3   chromedriver                        0x000000010219c1d8 chromedriver + 631256
4   chromedriver                        0x000000010219c451 chromedriver + 631889
5   chromedriver                        0x00000001021ce8f4 chromedriver + 837876
6   chromedriver                        0x00000001021b9c8d chromedriver + 752781
7   chromedriver                        0x00000001021cc611 chromedriver + 828945
8   chromedriver                        0x00000001021b9b53 chromedriver + 752467
9   chromedriver                        0x000000010218f905 chromedriver + 579845
10  chromedriver                        0x0000000102190955 chromedriver + 584021
11  chromedriver                        0x00000001025166ad chromedriver + 4277933
12  chromedriver                        0x000000010251ab3a chromedriver + 4295482
13  chromedriver                        0x000000010251fcdf chromedriver + 4316383
14  chromedriver                        0x000000010251b857 chromedriver + 4298839
15  chromedriver                        0x00000001024f464f chromedriver + 4138575
16  chromedriver                        0x00000001025361f8 chromedriver + 4407800
17  chromedriver                        0x000000010253637f chromedriver + 4408191
18  chromedriver                        0x000000010254ccb5 chromedriver + 4500661
19  libsystem_pthread.dylib             0x00007ff8078c24e1 _pthread_start + 125
20  libsystem_pthread.dylib             0x00007ff8078bdf6b thread_start + 15

</pre>    </span></li></ol><span /></div><div class="feature"><h2><span class="val">Feature: Jules.app sign_up test</span></h2><span /></div><div class="background"><h3><span class="val">Background: </span></h3><ol /><span /></div><div class="scenario"><span class="scenario_file">features/sign_up.feature:7</span><span class="tag">@jules_test_debug</span><h3 onclick="Collapsible_toggle('scenario_7')" class="failed"><span class="val">Scenario: I create an account</span></h3><ol class="scenario_steps" id="scenario_7"><li class="step passed"><div class="step_name"><span class="keyword">Given </span><span class="step val">sign in: I am a user on jules sign in page</span><small class="step_duration">(0.265s)</small></div><div class="step_file"><span>steps/sign_in_steps.py:7</span></div><span class="embed" /></li><li class="step passed"><div class="step_name"><span class="keyword">When </span><span class="step val">sign_up: I click sign up button</span><small class="step_duration">(0.500s)</small></div><div class="step_file"><span>steps/sign_up_steps.py:3</span></div><span class="embed" /></li><li class="step passed"><div class="step_name"><span class="keyword">When </span><span class="step val">sign_up: I click personal button</span><small class="step_duration">(0.077s)</small></div><div class="step_file"><span>steps/sign_up_steps.py:7</span></div><span class="embed" /></li><li class="step passed"><div class="step_name"><span class="keyword">When </span><span class="step val">sign_up: I click continue button</span><small class="step_duration">(2.049s)</small></div><div class="step_file"><span>steps/sign_up_steps.py:11</span></div><span class="embed" /></li><li class="step passed"><div class="step_name"><span class="keyword">When </span><span class="step val"><span>sign_up: I send first name "</span><b>marian</b><span>"</span></span><small class="step_duration">(0.249s)</small></div><div class="step_file"><span>steps/sign_up_steps.py:15</span></div><span class="embed" /></li><li class="step passed"><div class="step_name"><span class="keyword">When </span><span class="step val">sign_up: I click continue first name button</span><small class="step_duration">(0.104s)</small></div><div class="step_file"><span>steps/sign_up_steps.py:20</span></div><span class="embed" /></li><li class="step passed"><div class="step_name"><span class="keyword">When </span><span class="step val"><span>sign_up: I send last name "</span><b>negru</b><span>"</span></span><small class="step_duration">(0.102s)</small></div><div class="step_file"><span>steps/sign_up_steps.py:24</span></div><span class="embed" /></li><li class="step failed"><div class="step_name"><span class="keyword">When </span><span class="step val">sign_up: I click last_name_continue_button</span><small class="step_duration">(1.123s)</small></div><div class="step_file"><span>steps/sign_up_steps.py:28</span></div><span class="embed"><a onclick="Collapsible_toggle('embed_2')">Error Message</a><pre id="embed_2" style="display: none">Traceback (most recent call last):
  File "/Library/Frameworks/Python.framework/Versions/3.10/lib/python3.10/site-packages/behave/model.py", line 1329, in run
    match.run(runner.context)
  File "/Library/Frameworks/Python.framework/Versions/3.10/lib/python3.10/site-packages/behave/matchers.py", line 98, in run
    self.func(context, *args, **kwargs)
  File "steps/sign_up_steps.py", line 30, in step_impl
    context.sign_up_page.click_last_name_continue_button()
  File "/Users/gradulescu/Desktop/Personal/Cursuri/ITF/Automation_Testing/Grupe/Automation09/Automation09_Projects/FinalProject_BDD/pages/sign_up_page.py", line 37, in click_last_name_continue_button
    self.chrome.find_element(*self.LAST_NAME_CONTINUE_BUTTON).click()
  File "/Library/Frameworks/Python.framework/Versions/3.10/lib/python3.10/site-packages/selenium/webdriver/remote/webelement.py", line 88, in click
    self._execute(Command.CLICK_ELEMENT)
  File "/Library/Frameworks/Python.framework/Versions/3.10/lib/python3.10/site-packages/selenium/webdriver/remote/webelement.py", line 396, in _execute
    return self._parent.execute(command, params)
  File "/Library/Frameworks/Python.framework/Versions/3.10/lib/python3.10/site-packages/selenium/webdriver/remote/webdriver.py", line 435, in execute
    self.error_handler.check_response(response)
  File "/Library/Frameworks/Python.framework/Versions/3.10/lib/python3.10/site-packages/selenium/webdriver/remote/errorhandler.py", line 247, in check_response
    raise exception_class(message, screen, stacktrace)
selenium.common.exceptions.ElementClickInterceptedException: Message: element click intercepted: Element &lt;button class="MuiButtonBase-root MuiButton-root MuiButton-contained jss15 jss49 Mui-disabled Mui-disabled" tabindex="-1" type="button" disabled="" data-test-id="last-name-continue-btn"&gt;...&lt;/button&gt; is not clickable at point (1160, 520). Other element would receive the click: &lt;div class="css-c9auvn"&gt;...&lt;/div&gt;
  (Session info: chrome=104.0.5112.79)
Stacktrace:
0   chromedriver                        0x0000000102545149 chromedriver + 4469065
1   chromedriver                        0x00000001024cf233 chromedriver + 3985971
2   chromedriver                        0x0000000102165fe8 chromedriver + 409576
3   chromedriver                        0x00000001021a3938 chromedriver + 661816
4   chromedriver                        0x00000001021a14c3 chromedriver + 652483
5   chromedriver                        0x000000010219eb84 chromedriver + 641924
6   chromedriver                        0x000000010219d7f5 chromedriver + 636917
7   chromedriver                        0x0000000102191579 chromedriver + 587129
8   chromedriver                        0x00000001021b9c62 chromedriver + 752738
9   chromedriver                        0x0000000102190e35 chromedriver + 585269
10  chromedriver                        0x00000001021b9d6e chromedriver + 753006
11  chromedriver                        0x00000001021cc611 chromedriver + 828945
12  chromedriver                        0x00000001021b9b53 chromedriver + 752467
13  chromedriver                        0x000000010218f905 chromedriver + 579845
14  chromedriver                        0x0000000102190955 chromedriver + 584021
15  chromedriver                        0x00000001025166ad chromedriver + 4277933
16  chromedriver                        0x000000010251ab3a chromedriver + 4295482
17  chromedriver                        0x000000010251fcdf chromedriver + 4316383
18  chromedriver                        0x000000010251b857 chromedriver + 4298839
19  chromedriver                        0x00000001024f464f chromedriver + 4138575
20  chromedriver                        0x00000001025361f8 chromedriver + 4407800
21  chromedriver                        0x000000010253637f chromedriver + 4408191
22  chromedriver                        0x000000010254ccb5 chromedriver + 4500661
23  libsystem_pthread.dylib             0x00007ff8078c24e1 _pthread_start + 125
24  libsystem_pthread.dylib             0x00007ff8078bdf6b thread_start + 15


Captured stdout:
test</pre>    </span></li></ol><span /></div></div></body></html>